2025-11-04 22:38:25,413:WARNING:
'cuml' is a soft dependency and not included in the pycaret installation. Please run: `pip install cuml` to install.
2025-11-04 22:38:25,414:WARNING:
'cuml' is a soft dependency and not included in the pycaret installation. Please run: `pip install cuml` to install.
2025-11-04 22:38:25,414:WARNING:
'cuml' is a soft dependency and not included in the pycaret installation. Please run: `pip install cuml` to install.
2025-11-04 22:38:25,414:WARNING:
'cuml' is a soft dependency and not included in the pycaret installation. Please run: `pip install cuml` to install.
2025-11-04 22:38:29,058:INFO:PyCaret ClusteringExperiment
2025-11-04 22:38:29,058:INFO:Logging name: cluster-default-name
2025-11-04 22:38:29,058:INFO:ML Usecase: MLUsecase.CLUSTERING
2025-11-04 22:38:29,058:INFO:version 3.3.2
2025-11-04 22:38:29,058:INFO:Initializing setup()
2025-11-04 22:38:29,058:INFO:self.USI: 5e18
2025-11-04 22:38:29,058:INFO:self._variable_keys: {'idx', 'memory', 'html_param', 'exp_id', 'n_jobs_param', 'X', 'pipeline', 'exp_name_log', 'log_plots_param', 'data', 'gpu_n_jobs_param', '_ml_usecase', '_available_plots', 'logging_param', 'USI', 'seed', 'gpu_param'}
2025-11-04 22:38:29,058:INFO:Checking environment
2025-11-04 22:38:29,067:INFO:python_version: 3.11.11
2025-11-04 22:38:29,067:INFO:python_build: ('main', 'Dec 11 2024 16:34:19')
2025-11-04 22:38:29,067:INFO:machine: AMD64
2025-11-04 22:38:29,116:INFO:platform: Windows-10-10.0.26100-SP0
2025-11-04 22:38:29,116:INFO:Memory: svmem(total=16847876096, available=5892050944, percent=65.0, used=10955825152, free=5892050944)
2025-11-04 22:38:29,116:INFO:Physical Core: 10
2025-11-04 22:38:29,116:INFO:Logical Core: 12
2025-11-04 22:38:29,116:INFO:Checking libraries
2025-11-04 22:38:29,116:INFO:System:
2025-11-04 22:38:29,118:INFO:    python: 3.11.11 | packaged by Anaconda, Inc. | (main, Dec 11 2024, 16:34:19) [MSC v.1929 64 bit (AMD64)]
2025-11-04 22:38:29,118:INFO:executable: C:\conda\envs\od_zera_do_ai\python.exe
2025-11-04 22:38:29,118:INFO:   machine: Windows-10-10.0.26100-SP0
2025-11-04 22:38:29,118:INFO:PyCaret required dependencies:
2025-11-04 22:38:29,325:INFO:                 pip: 25.1
2025-11-04 22:38:29,325:INFO:          setuptools: 72.1.0
2025-11-04 22:38:29,325:INFO:             pycaret: 3.3.2
2025-11-04 22:38:29,325:INFO:             IPython: 9.1.0
2025-11-04 22:38:29,325:INFO:          ipywidgets: 8.1.7
2025-11-04 22:38:29,325:INFO:                tqdm: 4.67.1
2025-11-04 22:38:29,325:INFO:               numpy: 1.25.2
2025-11-04 22:38:29,325:INFO:              pandas: 2.3.3
2025-11-04 22:38:29,325:INFO:              jinja2: 3.1.6
2025-11-04 22:38:29,325:INFO:               scipy: 1.9.3
2025-11-04 22:38:29,325:INFO:              joblib: 1.5.2
2025-11-04 22:38:29,325:INFO:             sklearn: 1.4.2
2025-11-04 22:38:29,325:INFO:                pyod: 2.0.5
2025-11-04 22:38:29,325:INFO:            imblearn: 0.14.0
2025-11-04 22:38:29,325:INFO:   category_encoders: 2.7.0
2025-11-04 22:38:29,325:INFO:            lightgbm: 4.6.0
2025-11-04 22:38:29,325:INFO:               numba: 0.61.2
2025-11-04 22:38:29,325:INFO:            requests: 2.32.3
2025-11-04 22:38:29,325:INFO:          matplotlib: 3.7.5
2025-11-04 22:38:29,325:INFO:          scikitplot: 0.3.7
2025-11-04 22:38:29,325:INFO:         yellowbrick: 1.5
2025-11-04 22:38:29,325:INFO:              plotly: 6.0.1
2025-11-04 22:38:29,325:INFO:    plotly-resampler: Not installed
2025-11-04 22:38:29,325:INFO:             kaleido: 1.0.0
2025-11-04 22:38:29,325:INFO:           schemdraw: 0.15
2025-11-04 22:38:29,325:INFO:         statsmodels: 0.14.5
2025-11-04 22:38:29,325:INFO:              sktime: 0.26.0
2025-11-04 22:38:29,325:INFO:               tbats: 1.1.3
2025-11-04 22:38:29,325:INFO:            pmdarima: 2.0.4
2025-11-04 22:38:29,325:INFO:              psutil: 7.0.0
2025-11-04 22:38:29,325:INFO:          markupsafe: 3.0.2
2025-11-04 22:38:29,325:INFO:             pickle5: Not installed
2025-11-04 22:38:29,325:INFO:         cloudpickle: 3.1.1
2025-11-04 22:38:29,325:INFO:         deprecation: 2.1.0
2025-11-04 22:38:29,325:INFO:              xxhash: 3.5.0
2025-11-04 22:38:29,325:INFO:           wurlitzer: Not installed
2025-11-04 22:38:29,325:INFO:PyCaret optional dependencies:
2025-11-04 22:38:29,392:INFO:                shap: Not installed
2025-11-04 22:38:29,392:INFO:           interpret: Not installed
2025-11-04 22:38:29,392:INFO:                umap: Not installed
2025-11-04 22:38:29,392:INFO:     ydata_profiling: Not installed
2025-11-04 22:38:29,392:INFO:  explainerdashboard: Not installed
2025-11-04 22:38:29,392:INFO:             autoviz: Not installed
2025-11-04 22:38:29,392:INFO:           fairlearn: Not installed
2025-11-04 22:38:29,392:INFO:          deepchecks: Not installed
2025-11-04 22:38:29,392:INFO:             xgboost: Not installed
2025-11-04 22:38:29,392:INFO:            catboost: Not installed
2025-11-04 22:38:29,392:INFO:              kmodes: Not installed
2025-11-04 22:38:29,392:INFO:             mlxtend: Not installed
2025-11-04 22:38:29,392:INFO:       statsforecast: Not installed
2025-11-04 22:38:29,392:INFO:        tune_sklearn: Not installed
2025-11-04 22:38:29,392:INFO:                 ray: Not installed
2025-11-04 22:38:29,392:INFO:            hyperopt: Not installed
2025-11-04 22:38:29,392:INFO:              optuna: Not installed
2025-11-04 22:38:29,392:INFO:               skopt: Not installed
2025-11-04 22:38:29,392:INFO:              mlflow: Not installed
2025-11-04 22:38:29,392:INFO:              gradio: Not installed
2025-11-04 22:38:29,392:INFO:             fastapi: Not installed
2025-11-04 22:38:29,392:INFO:             uvicorn: Not installed
2025-11-04 22:38:29,392:INFO:              m2cgen: Not installed
2025-11-04 22:38:29,392:INFO:           evidently: Not installed
2025-11-04 22:38:29,392:INFO:               fugue: Not installed
2025-11-04 22:38:29,392:INFO:           streamlit: 1.48.0
2025-11-04 22:38:29,392:INFO:             prophet: Not installed
2025-11-04 22:38:29,392:INFO:None
2025-11-04 22:38:29,392:INFO:Set up data.
2025-11-04 22:38:29,417:INFO:Set up index.
2025-11-04 22:38:29,425:INFO:Assigning column types.
2025-11-04 22:38:29,428:INFO:Engine successfully changes for model 'kmeans' to 'sklearn'.
2025-11-04 22:38:29,428:INFO:Engine for model 'dbscan' has not been set explicitly, hence returning None.
2025-11-04 22:38:29,428:WARNING:
'kmodes' is a soft dependency and not included in the pycaret installation. Please run: `pip install kmodes` to install.
Alternately, you can install this by running `pip install pycaret[models]`
2025-11-04 22:38:29,428:INFO:Engine for model 'dbscan' has not been set explicitly, hence returning None.
2025-11-04 22:38:29,428:WARNING:
'kmodes' is a soft dependency and not included in the pycaret installation. Please run: `pip install kmodes` to install.
Alternately, you can install this by running `pip install pycaret[models]`
2025-11-04 22:38:29,428:INFO:Engine successfully changes for model 'dbscan' to 'sklearn'.
2025-11-04 22:38:29,428:WARNING:
'kmodes' is a soft dependency and not included in the pycaret installation. Please run: `pip install kmodes` to install.
Alternately, you can install this by running `pip install pycaret[models]`
2025-11-04 22:38:29,428:WARNING:
'kmodes' is a soft dependency and not included in the pycaret installation. Please run: `pip install kmodes` to install.
Alternately, you can install this by running `pip install pycaret[models]`
2025-11-04 22:38:29,428:INFO:Preparing preprocessing pipeline...
2025-11-04 22:38:29,428:INFO:Set up simple imputation.
2025-11-04 22:38:29,442:INFO:Set up encoding of ordinal features.
2025-11-04 22:38:29,442:INFO:Set up encoding of categorical features.
2025-11-04 22:38:29,611:INFO:Finished creating preprocessing pipeline.
2025-11-04 22:38:29,692:INFO:Creating final display dataframe.
2025-11-04 22:38:29,793:INFO:Setup _display_container:                  Description                 Value
0                 Session id               4112025
1        Original data shape            (3000, 14)
2     Transformed data shape           (3000, 136)
3           Numeric features                     4
4       Categorical features                    10
5                 Preprocess                  True
6            Imputation type                simple
7         Numeric imputation                  mean
8     Categorical imputation                  mode
9   Maximum one-hot encoding                    -1
10           Encoding method                  None
11                  CPU Jobs                     1
12                   Use GPU                 False
13            Log Experiment                 False
14           Experiment Name  cluster-default-name
15                       USI                  5e18
2025-11-04 22:38:29,793:WARNING:
'kmodes' is a soft dependency and not included in the pycaret installation. Please run: `pip install kmodes` to install.
Alternately, you can install this by running `pip install pycaret[models]`
2025-11-04 22:38:29,793:WARNING:
'kmodes' is a soft dependency and not included in the pycaret installation. Please run: `pip install kmodes` to install.
Alternately, you can install this by running `pip install pycaret[models]`
2025-11-04 22:38:29,793:INFO:setup() successfully completed in 1.59s...............
2025-11-04 22:38:29,793:INFO:Initializing create_model()
2025-11-04 22:38:29,793:INFO:create_model(self=<pycaret.clustering.oop.ClusteringExperiment object at 0x0000018730B33E10>, estimator=kmeans, num_clusters=8, fraction=0.05, ground_truth=None, round=4, fit_kwargs=None, experiment_custom_tags=None, verbose=False, system=True, add_to_model_list=True, raise_num_clusters=False, display=None, kwargs={})
2025-11-04 22:38:29,793:INFO:Checking exceptions
2025-11-04 22:38:29,871:INFO:Importing untrained model
2025-11-04 22:38:29,873:INFO:K-Means Clustering Imported successfully
2025-11-04 22:38:29,878:INFO:Fitting Model
2025-11-04 22:38:30,692:INFO:KMeans(random_state=4112025)
2025-11-04 22:38:30,692:INFO:create_models() successfully completed......................................
2025-11-04 22:38:30,692:INFO:Uploading results into container
2025-11-04 22:38:30,692:INFO:Uploading model into container now
2025-11-04 22:38:30,692:INFO:_master_model_container: 1
2025-11-04 22:38:30,692:INFO:_display_container: 2
2025-11-04 22:38:30,692:INFO:KMeans(random_state=4112025)
2025-11-04 22:38:30,692:INFO:create_model() successfully completed......................................
2025-11-04 22:38:30,875:INFO:Initializing assign_model()
2025-11-04 22:38:30,875:INFO:assign_model(self=<pycaret.clustering.oop.ClusteringExperiment object at 0x0000018730B33E10>, model=KMeans(random_state=4112025), transformation=False, score=True, verbose=True)
2025-11-04 22:38:30,875:INFO:Checking exceptions
2025-11-04 22:38:30,875:INFO:Determining Trained Model
2025-11-04 22:38:30,875:INFO:Trained Model : K-Means Clustering
2025-11-04 22:38:30,875:INFO:Copying data
2025-11-04 22:38:30,892:INFO:(3000, 15)
2025-11-04 22:38:30,892:INFO:assign_model() successfully completed......................................
2025-11-04 22:38:30,963:INFO:Initializing save_model()
2025-11-04 22:38:30,983:INFO:Adding model into prep_pipe
2025-11-04 22:38:31,026:INFO:plik z danymi missing columns.xlsx_pipeline.pkl saved in current working directory
2025-11-04 22:38:31,075:INFO:save_model() successfully completed......................................
2025-11-04 22:38:31,335:INFO:Initializing load_model()
2025-11-04 22:38:31,335:INFO:load_model(model_name=plik z danymi missing columns.xlsx_pipeline, platform=None, authentication=None, verbose=True)
2025-11-04 22:38:31,442:INFO:Initializing predict_model()
2025-11-04 22:38:31,464:INFO:Set up data.
